<?xml version="1.0" encoding="UTF-8"?>
<testng-results ignored="0" total="2" passed="2" failed="0" skipped="0">
  <reporter-output>
  </reporter-output>
  <suite started-at="2024-04-22T21:17:42 IST" name="Default suite" finished-at="2024-04-22T21:18:25 IST" duration-ms="43120">
    <groups>
    </groups>
    <test started-at="2024-04-22T21:17:42 IST" name="Default test" finished-at="2024-04-22T21:18:25 IST" duration-ms="43120">
      <class name="Ctruh">
        <test-method signature="validLogin()[pri:0, instance:Ctruh@6f46426d]" started-at="2024-04-22T21:17:42 IST" name="validLogin" finished-at="2024-04-22T21:18:08 IST" duration-ms="26103" status="PASS">
          <reporter-output>
          </reporter-output>
        </test-method> <!-- validLogin -->
        <test-method signature="InvalidLogin()[pri:1, instance:Ctruh@6f46426d]" started-at="2024-04-22T21:18:08 IST" name="InvalidLogin" finished-at="2024-04-22T21:18:25 IST" duration-ms="16951" status="PASS">
          <reporter-output>
          </reporter-output>
        </test-method> <!-- InvalidLogin -->
      </class> <!-- Ctruh -->
    </test> <!-- Default test -->
  </suite> <!-- Default suite -->
</testng-results>
